<?xml version="1.0" encoding="UTF-8"?>
<testng-results skipped="0" failed="1" total="3" passed="2">
  <reporter-output>
    <line>
      <![CDATA[Info: "TEST start"]]>
    </line>
    <line>
      <![CDATA[Info: "*************"]]>
    </line>
    <line>
      <![CDATA[Start_test: "functionalTest.CheckPhotoNumbers"]]>
    </line>
    <line>
      <![CDATA[########################ERROR: " FAILED : functionalTest.CheckPhotoNumbers" !]]>
    </line>
    <line>
      <![CDATA[Start_test: "functionalTest.ComparePictures"]]>
    </line>
    <line>
      <![CDATA[Info: "success : functionalTest.ComparePictures"]]>
    </line>
    <line>
      <![CDATA[Start_test: "functionalTest.ComparePictures"]]>
    </line>
    <line>
      <![CDATA[Info: "success : functionalTest.ComparePictures"]]>
    </line>
    <line>
      <![CDATA[Info: "*************"]]>
    </line>
    <line>
      <![CDATA[Info: "TEST finish"]]>
    </line>
  </reporter-output>
  <suite name="Suite1" duration-ms="62749" started-at="2018-02-21T10:31:34Z" finished-at="2018-02-21T10:32:37Z">
    <groups>
    </groups>
    <test name="Nopackage" duration-ms="62749" started-at="2018-02-21T10:31:34Z" finished-at="2018-02-21T10:32:37Z">
      <class name="functionalTest.ComparePictures">
        <test-method status="PASS" signature="loadDataFromNasaAPI()[pri:0, instance:functionalTest.ComparePictures@7a5d012c]" name="loadDataFromNasaAPI" is-config="true" duration-ms="132" started-at="2018-02-21T12:31:34Z" finished-at="2018-02-21T12:31:34Z">
          <reporter-output>
            <line>
              <![CDATA[Info: "TEST start"]]>
            </line>
            <line>
              <![CDATA[Info: "*************"]]>
            </line>
          </reporter-output>
        </test-method> <!-- loadDataFromNasaAPI -->
        <test-method status="PASS" signature="PrepareJsonMap()[pri:0, instance:functionalTest.ComparePictures@7a5d012c]" name="PrepareJsonMap" is-config="true" duration-ms="25523" started-at="2018-02-21T12:31:59Z" finished-at="2018-02-21T12:32:25Z">
          <reporter-output>
          </reporter-output>
        </test-method> <!-- PrepareJsonMap -->
        <test-method status="PASS" signature="logStartTest()[pri:0, instance:functionalTest.ComparePictures@7a5d012c]" name="logStartTest" is-config="true" duration-ms="0" started-at="2018-02-21T12:32:25Z" finished-at="2018-02-21T12:32:25Z">
          <reporter-output>
            <line>
              <![CDATA[Start_test: "functionalTest.ComparePictures"]]>
            </line>
          </reporter-output>
        </test-method> <!-- logStartTest -->
        <test-method status="PASS" signature="compareLinksStrings()[pri:0, instance:functionalTest.ComparePictures@7a5d012c]" name="compareLinksStrings" duration-ms="1" started-at="2018-02-21T12:32:25Z" finished-at="2018-02-21T12:32:25Z">
          <reporter-output>
          </reporter-output>
        </test-method> <!-- compareLinksStrings -->
        <test-method status="PASS" signature="testResult(org.testng.ITestResult)[pri:0, instance:functionalTest.ComparePictures@7a5d012c]" name="testResult" is-config="true" duration-ms="0" started-at="2018-02-21T12:32:25Z" finished-at="2018-02-21T12:32:25Z">
          <params>
            <param index="0">
              <value>
                <![CDATA[[TestResult name=compareLinksStrings status=SUCCESS method=ComparePictures.compareLinksStrings()[pri:0, instance:functionalTest.ComparePictures@7a5d012c] output={null}]]]>
              </value>
            </param>
          </params>
          <reporter-output>
            <line>
              <![CDATA[Info: "success : functionalTest.ComparePictures"]]>
            </line>
          </reporter-output>
        </test-method> <!-- testResult -->
        <test-method status="PASS" signature="logStartTest()[pri:0, instance:functionalTest.ComparePictures@7a5d012c]" name="logStartTest" is-config="true" duration-ms="0" started-at="2018-02-21T12:32:25Z" finished-at="2018-02-21T12:32:25Z">
          <reporter-output>
            <line>
              <![CDATA[Start_test: "functionalTest.ComparePictures"]]>
            </line>
          </reporter-output>
        </test-method> <!-- logStartTest -->
        <test-method status="PASS" signature="comparePicturesTest()[pri:0, instance:functionalTest.ComparePictures@7a5d012c]" name="comparePicturesTest" duration-ms="12084" started-at="2018-02-21T12:32:25Z" depends-on-methods="functionalTest.ComparePictures.compareLinksStrings" finished-at="2018-02-21T12:32:37Z">
          <reporter-output>
          </reporter-output>
        </test-method> <!-- comparePicturesTest -->
        <test-method status="PASS" signature="testResult(org.testng.ITestResult)[pri:0, instance:functionalTest.ComparePictures@7a5d012c]" name="testResult" is-config="true" duration-ms="1" started-at="2018-02-21T12:32:37Z" finished-at="2018-02-21T12:32:37Z">
          <params>
            <param index="0">
              <value>
                <![CDATA[[TestResult name=comparePicturesTest status=SUCCESS method=ComparePictures.comparePicturesTest()[pri:0, instance:functionalTest.ComparePictures@7a5d012c] output={null}]]]>
              </value>
            </param>
          </params>
          <reporter-output>
            <line>
              <![CDATA[Info: "success : functionalTest.ComparePictures"]]>
            </line>
          </reporter-output>
        </test-method> <!-- testResult -->
        <test-method status="PASS" signature="closeTest()[pri:0, instance:functionalTest.ComparePictures@7a5d012c]" name="closeTest" is-config="true" duration-ms="2" started-at="2018-02-21T12:32:37Z" finished-at="2018-02-21T12:32:37Z">
          <reporter-output>
            <line>
              <![CDATA[Info: "*************"]]>
            </line>
            <line>
              <![CDATA[Info: "TEST finish"]]>
            </line>
          </reporter-output>
        </test-method> <!-- closeTest -->
      </class> <!-- functionalTest.ComparePictures -->
      <class name="functionalTest.CheckPhotoNumbers">
        <test-method status="PASS" signature="PrepareJsonMap()[pri:0, instance:functionalTest.CheckPhotoNumbers@64616ca2]" name="PrepareJsonMap" is-config="true" duration-ms="13044" started-at="2018-02-21T12:31:34Z" finished-at="2018-02-21T12:31:47Z">
          <reporter-output>
          </reporter-output>
        </test-method> <!-- PrepareJsonMap -->
        <test-method status="PASS" signature="logStartTest()[pri:0, instance:functionalTest.CheckPhotoNumbers@64616ca2]" name="logStartTest" is-config="true" duration-ms="2" started-at="2018-02-21T12:31:47Z" finished-at="2018-02-21T12:31:47Z">
          <reporter-output>
            <line>
              <![CDATA[Start_test: "functionalTest.CheckPhotoNumbers"]]>
            </line>
          </reporter-output>
        </test-method> <!-- logStartTest -->
        <test-method status="FAIL" signature="compareNumbersOfPhotos()[pri:0, instance:functionalTest.CheckPhotoNumbers@64616ca2]" name="compareNumbersOfPhotos" duration-ms="12074" started-at="2018-02-21T12:31:47Z" finished-at="2018-02-21T12:31:59Z">
          <exception class="java.lang.AssertionError">
            <message>
              <![CDATA[expected [false] but found [true]]]>
            </message>
            <full-stacktrace>
              <![CDATA[java.lang.AssertionError: expected [false] but found [true]
	at org.testng.Assert.fail(Assert.java:94)
	at org.testng.Assert.failNotEquals(Assert.java:494)
	at org.testng.Assert.assertFalse(Assert.java:63)
	at org.testng.Assert.assertFalse(Assert.java:73)
	at functionalTest.CheckPhotoNumbers.compareNumbersOfPhotos(CheckPhotoNumbers.java:43)
	at sun.reflect.NativeMethodAccessorImpl.invoke0(Native Method)
	at sun.reflect.NativeMethodAccessorImpl.invoke(NativeMethodAccessorImpl.java:62)
	at sun.reflect.DelegatingMethodAccessorImpl.invoke(DelegatingMethodAccessorImpl.java:43)
	at java.lang.reflect.Method.invoke(Method.java:498)
	at org.testng.internal.MethodInvocationHelper.invokeMethod(MethodInvocationHelper.java:84)
	at org.testng.internal.Invoker.invokeMethod(Invoker.java:714)
	at org.testng.internal.Invoker.invokeTestMethod(Invoker.java:901)
	at org.testng.internal.Invoker.invokeTestMethods(Invoker.java:1231)
	at org.testng.internal.TestMethodWorker.invokeTestMethods(TestMethodWorker.java:127)
	at org.testng.internal.TestMethodWorker.run(TestMethodWorker.java:111)
	at org.testng.TestRunner.privateRun(TestRunner.java:767)
	at org.testng.TestRunner.run(TestRunner.java:617)
	at org.testng.SuiteRunner.runTest(SuiteRunner.java:348)
	at org.testng.SuiteRunner.runSequentially(SuiteRunner.java:343)
	at org.testng.SuiteRunner.privateRun(SuiteRunner.java:305)
	at org.testng.SuiteRunner.run(SuiteRunner.java:254)
	at org.testng.SuiteRunnerWorker.runSuite(SuiteRunnerWorker.java:52)
	at org.testng.SuiteRunnerWorker.run(SuiteRunnerWorker.java:86)
	at org.testng.TestNG.runSuitesSequentially(TestNG.java:1224)
	at org.testng.TestNG.runSuitesLocally(TestNG.java:1149)
	at org.testng.TestNG.run(TestNG.java:1057)
	at org.apache.maven.surefire.testng.TestNGExecutor.run(TestNGExecutor.java:122)
	at org.apache.maven.surefire.testng.TestNGXmlTestSuite.execute(TestNGXmlTestSuite.java:92)
	at org.apache.maven.surefire.testng.TestNGProvider.invoke(TestNGProvider.java:105)
	at sun.reflect.NativeMethodAccessorImpl.invoke0(Native Method)
	at sun.reflect.NativeMethodAccessorImpl.invoke(NativeMethodAccessorImpl.java:62)
	at sun.reflect.DelegatingMethodAccessorImpl.invoke(DelegatingMethodAccessorImpl.java:43)
	at java.lang.reflect.Method.invoke(Method.java:498)
	at org.apache.maven.surefire.util.ReflectionUtils.invokeMethodWithArray(ReflectionUtils.java:188)
	at org.apache.maven.surefire.booter.ProviderFactory$ProviderProxy.invoke(ProviderFactory.java:166)
	at org.apache.maven.surefire.booter.ProviderFactory.invokeProvider(ProviderFactory.java:86)
	at org.apache.maven.surefire.booter.ForkedBooter.runSuitesInProcess(ForkedBooter.java:101)
	at org.apache.maven.surefire.booter.ForkedBooter.main(ForkedBooter.java:74)
]]>
            </full-stacktrace>
          </exception> <!-- java.lang.AssertionError -->
          <reporter-output>
          </reporter-output>
        </test-method> <!-- compareNumbersOfPhotos -->
        <test-method status="PASS" signature="testResult(org.testng.ITestResult)[pri:0, instance:functionalTest.CheckPhotoNumbers@64616ca2]" name="testResult" is-config="true" duration-ms="2" started-at="2018-02-21T12:31:59Z" finished-at="2018-02-21T12:31:59Z">
          <params>
            <param index="0">
              <value>
                <![CDATA[[TestResult name=compareNumbersOfPhotos status=FAILURE method=CheckPhotoNumbers.compareNumbersOfPhotos()[pri:0, instance:functionalTest.CheckPhotoNumbers@64616ca2] output={null}]]]>
              </value>
            </param>
          </params>
          <reporter-output>
            <line>
              <![CDATA[########################ERROR: " FAILED : functionalTest.CheckPhotoNumbers" !]]>
            </line>
          </reporter-output>
        </test-method> <!-- testResult -->
      </class> <!-- functionalTest.CheckPhotoNumbers -->
    </test> <!-- Nopackage -->
  </suite> <!-- Suite1 -->
</testng-results>
